["SELECT time, sum(win_count) impression, sum(win_price) cost FROM cpm_log_all WHERE time >= '2019120108' AND time < '2019120408' AND app_key = '86025b8fa53dd7862f0fdae6418f753c' GROUP BY time"]
[((2019120108, Decimal('936'), 0.26108249548997264), (2019120109, Decimal('531'), 0.14963356884254608), (2019120110, Decimal('532'), 0.1472631167707732), (2019120111, Decimal('778'), 0.21572200731316116), (2019120112, Decimal('802'), 0.23296911804936826), (2019120113, Decimal('455'), 0.1490095859480789), (2019120114, Decimal('614'), 0.18160735724086408), (2019120115, Decimal('925'), 0.2487622394983191), (2019120116, Decimal('1400'), 0.42350640959921293), (2019120117, Decimal('1458'), 0.46732323622563854), (2019120118, Decimal('1075'), 0.3237678495643195), (2019120119, Decimal('860'), 0.26607017444621306), (2019120120, Decimal('597'), 0.16696001395757776), (2019120121, Decimal('222'), 0.06574737843766343), (2019120122, Decimal('156'), 0.0448229906760389), (2019120123, Decimal('165'), 0.04364523976983037), (2019120200, Decimal('255'), 0.06910611905914266), (2019120201, Decimal('202'), 0.05040786006429698), (2019120202, Decimal('217'), 0.05337861967564095), (2019120203, Decimal('250'), 0.05995129098300822), (2019120204, Decimal('348'), 0.09640378215408418), (2019120205, Decimal('312'), 0.08861558089847676), (2019120206, Decimal('342'), 0.09031856911315117), (2019120207, Decimal('304'), 0.08998596901074052), (2019120208, Decimal('349'), 0.10593209242506418), (2019120209, Decimal('401'), 0.1299270593590336), (2019120210, Decimal('605'), 0.19575907276885118), (2019120211, Decimal('582'), 0.19058016331109684), (2019120212, Decimal('513'), 0.17183166249014903), (2019120213, Decimal('269'), 0.0840408978110645), (2019120214, Decimal('313'), 0.10907573244185187), (2019120215, Decimal('488'), 0.1774468753428664), (2019120216, Decimal('628'), 0.21291705151088536), (2019120217, Decimal('646'), 0.22541551617905498), (2019120218, Decimal('533'), 0.167929350209306), (2019120219, Decimal('598'), 0.1786493306135526), (2019120220, Decimal('338'), 0.10415985848521814), (2019120221, Decimal('258'), 0.08699104830157012), (2019120222, Decimal('324'), 0.10833501160959713), (2019120223, Decimal('493'), 0.149059130839305), (2019120300, Decimal('302'), 0.10927486204309389), (2019120301, Decimal('280'), 0.09461766119056847), (2019120302, Decimal('166'), 0.058193410441162996), (2019120303, Decimal('203'), 0.07271465026133228), (2019120304, Decimal('145'), 0.05138869037182303), (2019120305, Decimal('230'), 0.06611499955761246), (2019120306, Decimal('220'), 0.07280769069620874), (2019120307, Decimal('443'), 0.12414844034356065), (2019120308, Decimal('315'), 0.09654394854442216), (2019120309, Decimal('583'), 0.16953458625357598), (2019120310, Decimal('531'), 0.1733637990837451), (2019120311, Decimal('849'), 0.2314029047411168), (2019120312, Decimal('1096'), 0.25552941458590794), (2019120313, Decimal('936'), 0.22343956409895327), (2019120314, Decimal('543'), 0.15470454143360257), (2019120315, Decimal('1182'), 0.3141965634713415), (2019120316, Decimal('1139'), 0.3316796354338294), (2019120317, Decimal('1807'), 0.534729379840428), (2019120318, Decimal('980'), 0.3071914336323971), (2019120319, Decimal('866'), 0.2598407485347707), (2019120320, Decimal('603'), 0.17121374898124486), (2019120321, Decimal('456'), 0.13700134033570066), (2019120322, Decimal('394'), 0.10626989998854697), (2019120323, Decimal('508'), 0.1243088709161384), (2019120400, Decimal('399'), 0.10334666867856868), (2019120401, Decimal('409'), 0.1034741379407933), (2019120402, Decimal('343'), 0.08676814877253491), (2019120403, Decimal('293'), 0.07566705686622299), (2019120404, Decimal('195'), 0.05673686118097976), (2019120405, Decimal('161'), 0.0509018509183079), (2019120406, Decimal('200'), 0.06394907017966034), (2019120407, Decimal('184'), 0.06189018878649222))]
date(UTC),impressions,spends($)
{'date(UTC)': ('impressions', 'spends($)'), '20191201': (Decimal('13736'), 3.9860605727881193), '20191202': (Decimal('9327'), 3.0473102586038294), '20191203': (Decimal('14972'), 4.1936843631992815)}
邮件发送成功Content-Type: multipart/related; boundary="===============3255280974202226757=="
MIME-Version: 1.0
From: kikatech <dag.guo@kikatech.com>
To: smartyads <gaoyuanandy@163.com>
Bcc: tina.yang@kikatech.com,gaoyuan@kikatech.com
Subject: =?utf-8?q?Kikatech_DSP_stats_for_smartyads_RTB_20191201-20191203?=

--===============3255280974202226757==
Content-Type: text/html; charset="utf-8"
MIME-Version: 1.0
Content-Transfer-Encoding: base64

PHA+VGhpcyByZXBvcnQgaXMgZ2VuZXJhdGVkIGJ5IEtpa2F0ZWNoLiBQbGVhc2Ugbm90ZSB0aGF0
IHRoZXNlIG51bWJlcnMgbmVlZCBub3QgYmUgZmluYWwgYW5kIGNhbiBiZSBhZGp1c3RlZCB0b3dh
cmRzIHRoZSBtb250aCBlbmQuIERpc2NsYWltZXI6IFBsZWFzZSBkbyBub3QgcmVwbHkgdG8gdGhp
cyBlbWFpbC48L3A+PHRhYmxlIGJvcmRlcj0iMSI+PHRyPjx0aD5kYXRlKFVUQyk8L3RoPjx0aD5p
bXByZXNzaW9uczwvdGg+PHRoPnNwZW5kcygkKTwvdGg+PC90cj48dHI+PHRkPjIwMTkxMjAxPC90
ZD48dGQ+MTM3MzY8L3RkPjx0ZD4zLjk4NjwvdGQ+PC90cj48dHI+PHRkPjIwMTkxMjAyPC90ZD48
dGQ+OTMyNzwvdGQ+PHRkPjMuMDQ3PC90ZD48L3RyPjx0cj48dGQ+MjAxOTEyMDM8L3RkPjx0ZD4x
NDk3MjwvdGQ+PHRkPjQuMTk0PC90ZD48L3RyPjwvdGFibGU+

--===============3255280974202226757==--

