["SELECT time, sum(win_count) impression, sum(win_price) cost FROM cpm_log_all WHERE time >= '2019110108' AND time < '2019110208' AND app_key = '86025b8fa53dd7862f0fdae6418f753c' GROUP BY time"]
[((2019110108, Decimal('612'), 0.1908665135561023), (2019110109, Decimal('1118'), 0.3321851067303214), (2019110110, Decimal('962'), 0.2852286223642295), (2019110111, Decimal('649'), 0.18972480605589226), (2019110112, Decimal('604'), 0.17743335632258095), (2019110113, Decimal('796'), 0.2586809733475093), (2019110114, Decimal('1255'), 0.4083800728112692), (2019110115, Decimal('1796'), 0.6003098534565652), (2019110116, Decimal('3102'), 0.9096232606752892), (2019110117, Decimal('2744'), 0.7487322808519821), (2019110118, Decimal('1818'), 0.48899911243643146), (2019110119, Decimal('1091'), 0.2690175463067135), (2019110120, Decimal('1047'), 0.2607925568081555), (2019110121, Decimal('739'), 0.18938707149209222), (2019110122, Decimal('822'), 0.23689148541598115), (2019110123, Decimal('846'), 0.23111716042330954), (2019110200, Decimal('764'), 0.20392431422078516), (2019110201, Decimal('487'), 0.1447982926038094), (2019110202, Decimal('608'), 0.16235578795021866), (2019110203, Decimal('463'), 0.1335217427549651), (2019110204, Decimal('433'), 0.13185039687959943), (2019110205, Decimal('724'), 0.20781448516936507), (2019110206, Decimal('866'), 0.24690863794239704), (2019110207, Decimal('762'), 0.22620618822838878))]
date(UTC),impressions,spends($)
{'date(UTC)': ('impressions', 'spends($)'), '20191101': (Decimal('25108'), 7.234749624803953)}
邮件发送成功Content-Type: multipart/related; boundary="===============8599700666004112229=="
MIME-Version: 1.0
From: kikatech <dag.guo@kikatech.com>
To: smartyads <finance@smartyads.com>
Bcc: inna.samko@smartyads.com,kuixi.hao@kikatech.com,tina.yang@kikatech.com,gaoyuan@kikatech.com,846925213@qq.com
Subject: =?utf-8?q?Kikatech_DSP_stats_for_smartyads_RTB_20191101?=

--===============8599700666004112229==
Content-Type: text/html; charset="utf-8"
MIME-Version: 1.0
Content-Transfer-Encoding: base64

PHA+VGhpcyByZXBvcnQgaXMgZ2VuZXJhdGVkIGJ5IEtpa2F0ZWNoLiBQbGVhc2Ugbm90ZSB0aGF0
IHRoZXNlIG51bWJlcnMgbmVlZCBub3QgYmUgZmluYWwgYW5kIGNhbiBiZSBhZGp1c3RlZCB0b3dh
cmRzIHRoZSBtb250aCBlbmQuIERpc2NsYWltZXI6IFBsZWFzZSBkbyBub3QgcmVwbHkgdG8gdGhp
cyBlbWFpbC48L3A+PHRhYmxlIGJvcmRlcj0iMSI+PHRyPjx0aD5kYXRlKFVUQyk8L3RoPjx0aD5p
bXByZXNzaW9uczwvdGg+PHRoPnNwZW5kcygkKTwvdGg+PC90cj48dHI+PHRkPjIwMTkxMTAxPC90
ZD48dGQ+MjUxMDg8L3RkPjx0ZD43LjIzNTwvdGQ+PC90cj48L3RhYmxlPg==

--===============8599700666004112229==
Content-Type: text/base64; charset="utf-8"
MIME-Version: 1.0
Content-Transfer-Encoding: base64
Content-Type: text/plain
Content-Disposition: attachment; filename ="dailyReportOfSmartyAds.csv"

ZGF0ZShVVEMpLGltcHJlc3Npb25zLHNwZW5kcygkKQoyMDE5MTEwMSwyNTEwOCw3LjIzNQo=

--===============8599700666004112229==--

