["SELECT time, sum(win_count) impression, sum(win_price) cost FROM cpm_log_all WHERE time >= '2019110108' AND time < '2019110608' AND app_key = '86025b8fa53dd7862f0fdae6418f753c' GROUP BY time"]
[((2019110108, Decimal('612'), 0.1908665135561023), (2019110109, Decimal('1118'), 0.3321851067303214), (2019110110, Decimal('962'), 0.2852286223642295), (2019110111, Decimal('649'), 0.18972480605589226), (2019110112, Decimal('604'), 0.17743335632258095), (2019110113, Decimal('796'), 0.2586809733475093), (2019110114, Decimal('1255'), 0.4083800728112692), (2019110115, Decimal('1796'), 0.6003098534565652), (2019110116, Decimal('3102'), 0.9096232606752892), (2019110117, Decimal('2744'), 0.7487322808519821), (2019110118, Decimal('1818'), 0.48899911243643146), (2019110119, Decimal('1091'), 0.2690175463067135), (2019110120, Decimal('1047'), 0.2607925568081555), (2019110121, Decimal('739'), 0.18938707149209222), (2019110122, Decimal('822'), 0.23689148541598115), (2019110123, Decimal('846'), 0.23111716042330954), (2019110200, Decimal('764'), 0.20392431422078516), (2019110201, Decimal('487'), 0.1447982926038094), (2019110202, Decimal('608'), 0.16235578795021866), (2019110203, Decimal('463'), 0.1335217427549651), (2019110204, Decimal('433'), 0.13185039687959943), (2019110205, Decimal('724'), 0.20781448516936507), (2019110206, Decimal('866'), 0.24690863794239704), (2019110207, Decimal('762'), 0.22620618822838878), (2019110208, Decimal('1023'), 0.28128943593765143), (2019110209, Decimal('1080'), 0.2988217518432066), (2019110210, Decimal('1032'), 0.2839025066641625), (2019110211, Decimal('828'), 0.22900216774723958), (2019110212, Decimal('691'), 0.18274721287889406), (2019110213, Decimal('733'), 0.21385379790444858), (2019110214, Decimal('1196'), 0.34484922933916096), (2019110215, Decimal('1960'), 0.49933820095611736), (2019110216, Decimal('2950'), 0.7646120849458384), (2019110217, Decimal('4176'), 0.9898760404612403), (2019110218, Decimal('1921'), 0.4432620169100119), (2019110219, Decimal('1656'), 0.32865058935567504), (2019110220, Decimal('1250'), 0.25924608692730544), (2019110221, Decimal('756'), 0.14356149315426592), (2019110222, Decimal('352'), 0.07659595843870193), (2019110223, Decimal('293'), 0.0964757491601631), (2019110300, Decimal('230'), 0.07439941958000418), (2019110301, Decimal('216'), 0.07304422098968644), (2019110302, Decimal('245'), 0.08627664082450792), (2019110303, Decimal('192'), 0.06146533969149459), (2019110304, Decimal('197'), 0.061238509908434935), (2019110305, Decimal('266'), 0.09557253085949924), (2019110306, Decimal('313'), 0.10472857041168027), (2019110307, Decimal('357'), 0.11169007133867126), (2019110308, Decimal('505'), 0.15430261174333282), (2019110309, Decimal('423'), 0.1209472727496177), (2019110310, Decimal('14'), 0.0016872899868758395), (2019110311, Decimal('25'), 0.002374029951170087), (2019110312, Decimal('17'), 0.0016799699515104294), (2019110313, Decimal('15'), 0.0021251400467008352), (2019110314, Decimal('28'), 0.005527359884581529), (2019110315, Decimal('181'), 0.02301090025139274), (2019110316, Decimal('33'), 0.007707960190600716), (2019110317, Decimal('58'), 0.011601720223552547), (2019110318, Decimal('50'), 0.013285090331919491), (2019110319, Decimal('27'), 0.00795821993960999), (2019110320, Decimal('21'), 0.004614819888956845), (2019110321, Decimal('8'), 0.0012692400196101516), (2019110322, Decimal('5'), 0.0005275900184642524), (2019110323, Decimal('3'), 0.0004182699922239408), (2019110400, Decimal('3'), 0.0002119699929608032), (2019110401, Decimal('1'), 7.383999763987958e-05), (2019110402, Decimal('5'), 0.000539780012331903), (2019110403, Decimal('2'), 0.0003093899940722622), (2019110404, Decimal('9'), 0.0007466300012310967), (2019110405, Decimal('8'), 0.0007215599762275815), (2019110406, Decimal('2'), 0.00018061000446323305), (2019110407, Decimal('11'), 0.0011914400092791766), (2019110408, Decimal('4'), 0.0003253499962738715), (2019110409, Decimal('8'), 0.0007229800103232265), (2019110410, Decimal('65'), 0.0133064897308941), (2019110411, Decimal('762'), 0.19550069897377398), (2019110412, Decimal('749'), 0.202688027638942), (2019110413, Decimal('484'), 0.13364631979493424), (2019110414, Decimal('571'), 0.17799454675696325), (2019110415, Decimal('1043'), 0.3304673856619047), (2019110416, Decimal('1581'), 0.5061434064555215), (2019110417, Decimal('1701'), 0.5271932233008556), (2019110418, Decimal('704'), 0.22583013550320175), (2019110419, Decimal('647'), 0.18593946254986804), (2019110420, Decimal('332'), 0.1018835312279407), (2019110421, Decimal('255'), 0.07480727996153291), (2019110422, Decimal('223'), 0.07083424944721628), (2019110423, Decimal('168'), 0.04551745092612691), (2019110500, Decimal('210'), 0.05569905019365251), (2019110501, Decimal('149'), 0.03943093911220785), (2019110502, Decimal('119'), 0.026197470200713724), (2019110503, Decimal('155'), 0.043844290339620784), (2019110504, Decimal('221'), 0.06376080973132048), (2019110505, Decimal('152'), 0.04708153007959481), (2019110506, Decimal('118'), 0.03225767001276836), (2019110507, Decimal('187'), 0.05660413912846707), (2019110508, Decimal('334'), 0.10806228121509776), (2019110509, Decimal('317'), 0.0933755683072377), (2019110510, Decimal('324'), 0.11519819273962639), (2019110511, Decimal('353'), 0.11765795083192643), (2019110512, Decimal('154'), 0.0593725286598783), (2019110513, Decimal('67'), 0.022425080242101103), (2019110514, Decimal('116'), 0.03661798049870413), (2019110515, Decimal('210'), 0.07225264942098875), (2019110516, Decimal('476'), 0.18554579334158916), (2019110517, Decimal('1083'), 0.31216161366319284), (2019110518, Decimal('1474'), 0.4527460445679026), (2019110519, Decimal('979'), 0.29435246852517594), (2019110520, Decimal('715'), 0.1964540534390835), (2019110521, Decimal('413'), 0.1329226793604903), (2019110522, Decimal('369'), 0.12326308262709063), (2019110523, Decimal('258'), 0.07992655108682811), (2019110600, Decimal('212'), 0.06846730093820952), (2019110601, Decimal('265'), 0.08030545055225957), (2019110602, Decimal('259'), 0.08515521907247603), (2019110603, Decimal('447'), 0.13410991869750433), (2019110604, Decimal('451'), 0.1276535315118963), (2019110605, Decimal('407'), 0.10913079255260527), (2019110606, Decimal('649'), 0.1833994179032743), (2019110607, Decimal('465'), 0.12466661237704102))]
date(UTC),impressions,spends($)
{'date(UTC)': ('impressions', 'spends($)'), '20191101': (Decimal('25108'), 7.234749624803953), '20191102': (Decimal('23913'), 6.104499626228062), '20191103': (Decimal('1454'), 0.36301270515832584), '20191104': (Decimal('10608'), 3.1576764367346186), '20191105': (Decimal('10797'), 3.31522276213218)}
邮件发送成功Content-Type: multipart/related; boundary="===============8730316509778479539=="
MIME-Version: 1.0
From: kikatech <dag.guo@kikatech.com>
To: smartyads <finance@smartyads.com>
Bcc: inna.samko@smartyads.com,kuixi.hao@kikatech.com,tina.yang@kikatech.com,gaoyuan@kikatech.com,846925213@qq.com
Subject: =?utf-8?q?Kikatech_DSP_stats_for_smartyads_RTB_20191101-20191105?=

--===============8730316509778479539==
Content-Type: text/html; charset="utf-8"
MIME-Version: 1.0
Content-Transfer-Encoding: base64

PHA+VGhpcyByZXBvcnQgaXMgZ2VuZXJhdGVkIGJ5IEtpa2F0ZWNoLiBQbGVhc2Ugbm90ZSB0aGF0
IHRoZXNlIG51bWJlcnMgbmVlZCBub3QgYmUgZmluYWwgYW5kIGNhbiBiZSBhZGp1c3RlZCB0b3dh
cmRzIHRoZSBtb250aCBlbmQuIERpc2NsYWltZXI6IFBsZWFzZSBkbyBub3QgcmVwbHkgdG8gdGhp
cyBlbWFpbC48L3A+PHRhYmxlIGJvcmRlcj0iMSI+PHRyPjx0aD5kYXRlKFVUQyk8L3RoPjx0aD5p
bXByZXNzaW9uczwvdGg+PHRoPnNwZW5kcygkKTwvdGg+PC90cj48dHI+PHRkPjIwMTkxMTAxPC90
ZD48dGQ+MjUxMDg8L3RkPjx0ZD43LjIzNTwvdGQ+PC90cj48dHI+PHRkPjIwMTkxMTAyPC90ZD48
dGQ+MjM5MTM8L3RkPjx0ZD42LjEwNDwvdGQ+PC90cj48dHI+PHRkPjIwMTkxMTAzPC90ZD48dGQ+
MTQ1NDwvdGQ+PHRkPjAuMzYzPC90ZD48L3RyPjx0cj48dGQ+MjAxOTExMDQ8L3RkPjx0ZD4xMDYw
ODwvdGQ+PHRkPjMuMTU4PC90ZD48L3RyPjx0cj48dGQ+MjAxOTExMDU8L3RkPjx0ZD4xMDc5Nzwv
dGQ+PHRkPjMuMzE1PC90ZD48L3RyPjwvdGFibGU+

--===============8730316509778479539==
Content-Type: text/base64; charset="utf-8"
MIME-Version: 1.0
Content-Transfer-Encoding: base64
Content-Type: text/plain
Content-Disposition: attachment; filename ="dailyReportOfSmartyAds.csv"

ZGF0ZShVVEMpLGltcHJlc3Npb25zLHNwZW5kcygkKQoyMDE5MTEwMSwyNTEwOCw3LjIzNQoyMDE5
MTEwMiwyMzkxMyw2LjEwNAoyMDE5MTEwMywxNDU0LDAuMzYzCjIwMTkxMTA0LDEwNjA4LDMuMTU4
CjIwMTkxMTA1LDEwNzk3LDMuMzE1Cg==

--===============8730316509778479539==--

